2024-08-04 21:50:55 INFO  TC_001_AccountRegistrationTest:15 - ***** Starting TC001_AccountRegistrationTest  ****
2024-08-04 21:50:59 INFO  TC_001_AccountRegistrationTest:22 - ***** Register account  ****
2024-08-04 21:51:01 INFO  TC_001_AccountRegistrationTest:31 - hgsdjhsgdf
2024-08-04 21:51:04 INFO  TC_001_AccountRegistrationTest:41 - Test passed
2024-08-04 21:51:04 INFO  TC_001_AccountRegistrationTest:52 - **********Tested completed********************
2024-08-04 21:51:16 INFO  TC_002_LoginTest:18 - ************Started logging**********************
2024-08-04 21:51:22 INFO  TC_002_LoginTest:42 - **********Tested Completed*******************
2024-08-04 23:17:11 INFO  TC_001_AccountRegistrationTest:15 - ***** Starting TC001_AccountRegistrationTest  ****
2024-08-04 23:17:14 INFO  TC_001_AccountRegistrationTest:22 - ***** Register account  ****
2024-08-04 23:17:15 INFO  TC_001_AccountRegistrationTest:31 - hgsdjhsgdf
2024-08-04 23:17:17 INFO  TC_001_AccountRegistrationTest:41 - Test passed
2024-08-04 23:17:17 INFO  TC_001_AccountRegistrationTest:52 - **********Tested completed********************
2024-08-04 23:17:25 INFO  TC_002_LoginTest:18 - ************Started logging**********************
2024-08-04 23:17:28 INFO  TC_002_LoginTest:42 - **********Tested Completed*******************
2024-08-04 23:20:31 INFO  TC_001_AccountRegistrationTest:15 - ***** Starting TC001_AccountRegistrationTest  ****
2024-08-04 23:20:33 INFO  TC_001_AccountRegistrationTest:22 - ***** Register account  ****
2024-08-04 23:20:35 INFO  TC_001_AccountRegistrationTest:31 - hgsdjhsgdf
2024-08-04 23:20:38 INFO  TC_001_AccountRegistrationTest:41 - Test passed
2024-08-04 23:20:38 INFO  TC_001_AccountRegistrationTest:52 - **********Tested completed********************
2024-08-04 23:20:53 INFO  TC_002_LoginTest:18 - ************Started logging**********************
